[2021-01-18 08:10:24] local.ERROR: Undefined constant App\Providers\RouteServiceProvider::HOME {"exception":"[object] (Error(code: 0): Undefined constant App\\Providers\\RouteServiceProvider::HOME at /home/Dr4g0na/Desktop/project/laravel_inventory2/vendor/laravel/framework/src/Illuminate/Container/Container.php:849)
[stacktrace]
#0 /home/Dr4g0na/Desktop/project/laravel_inventory2/vendor/laravel/framework/src/Illuminate/Container/Container.php(849): ReflectionClass->newInstanceArgs()
#1 /home/Dr4g0na/Desktop/project/laravel_inventory2/vendor/laravel/framework/src/Illuminate/Container/Container.php(691): Illuminate\\Container\\Container->build()
#2 /home/Dr4g0na/Desktop/project/laravel_inventory2/vendor/laravel/framework/src/Illuminate/Foundation/Application.php(796): Illuminate\\Container\\Container->resolve()
#3 /home/Dr4g0na/Desktop/project/laravel_inventory2/vendor/laravel/framework/src/Illuminate/Container/Container.php(637): Illuminate\\Foundation\\Application->resolve()
#4 /home/Dr4g0na/Desktop/project/laravel_inventory2/vendor/laravel/framework/src/Illuminate/Foundation/Application.php(781): Illuminate\\Container\\Container->make()
#5 /home/Dr4g0na/Desktop/project/laravel_inventory2/vendor/laravel/framework/src/Illuminate/Routing/Route.php(253): Illuminate\\Foundation\\Application->make()
#6 /home/Dr4g0na/Desktop/project/laravel_inventory2/vendor/laravel/framework/src/Illuminate/Routing/Route.php(970): Illuminate\\Routing\\Route->getController()
#7 /home/Dr4g0na/Desktop/project/laravel_inventory2/vendor/laravel/framework/src/Illuminate/Routing/Route.php(931): Illuminate\\Routing\\Route->controllerMiddleware()
#8 /home/Dr4g0na/Desktop/project/laravel_inventory2/vendor/laravel/framework/src/Illuminate/Routing/Router.php(702): Illuminate\\Routing\\Route->gatherMiddleware()
#9 /home/Dr4g0na/Desktop/project/laravel_inventory2/vendor/laravel/framework/src/Illuminate/Routing/Router.php(678): Illuminate\\Routing\\Router->gatherRouteMiddleware()
#10 /home/Dr4g0na/Desktop/project/laravel_inventory2/vendor/laravel/framework/src/Illuminate/Routing/Router.php(662): Illuminate\\Routing\\Router->runRouteWithinStack()
#11 /home/Dr4g0na/Desktop/project/laravel_inventory2/vendor/laravel/framework/src/Illuminate/Routing/Router.php(628): Illuminate\\Routing\\Router->runRoute()
#12 /home/Dr4g0na/Desktop/project/laravel_inventory2/vendor/laravel/framework/src/Illuminate/Routing/Router.php(617): Illuminate\\Routing\\Router->dispatchToRoute()
#13 /home/Dr4g0na/Desktop/project/laravel_inventory2/vendor/laravel/framework/src/Illuminate/Foundation/Http/Kernel.php(165): Illuminate\\Routing\\Router->dispatch()
#14 /home/Dr4g0na/Desktop/project/laravel_inventory2/vendor/laravel/framework/src/Illuminate/Pipeline/Pipeline.php(128): Illuminate\\Foundation\\Http\\Kernel->Illuminate\\Foundation\\Http\\{closure}()
#15 /home/Dr4g0na/Desktop/project/laravel_inventory2/vendor/laravel/framework/src/Illuminate/Foundation/Http/Middleware/TransformsRequest.php(21): Illuminate\\Pipeline\\Pipeline->Illuminate\\Pipeline\\{closure}()
#16 /home/Dr4g0na/Desktop/project/laravel_inventory2/vendor/laravel/framework/src/Illuminate/Pipeline/Pipeline.php(167): Illuminate\\Foundation\\Http\\Middleware\\TransformsRequest->handle()
#17 /home/Dr4g0na/Desktop/project/laravel_inventory2/vendor/laravel/framework/src/Illuminate/Foundation/Http/Middleware/TransformsRequest.php(21): Illuminate\\Pipeline\\Pipeline->Illuminate\\Pipeline\\{closure}()
#18 /home/Dr4g0na/Desktop/project/laravel_inventory2/vendor/laravel/framework/src/Illuminate/Pipeline/Pipeline.php(167): Illuminate\\Foundation\\Http\\Middleware\\TransformsRequest->handle()
#19 /home/Dr4g0na/Desktop/project/laravel_inventory2/vendor/laravel/framework/src/Illuminate/Foundation/Http/Middleware/ValidatePostSize.php(27): Illuminate\\Pipeline\\Pipeline->Illuminate\\Pipeline\\{closure}()
#20 /home/Dr4g0na/Desktop/project/laravel_inventory2/vendor/laravel/framework/src/Illuminate/Pipeline/Pipeline.php(167): Illuminate\\Foundation\\Http\\Middleware\\ValidatePostSize->handle()
#21 /home/Dr4g0na/Desktop/project/laravel_inventory2/vendor/laravel/framework/src/Illuminate/Foundation/Http/Middleware/CheckForMaintenanceMode.php(63): Illuminate\\Pipeline\\Pipeline->Illuminate\\Pipeline\\{closure}()
#22 /home/Dr4g0na/Desktop/project/laravel_inventory2/vendor/laravel/framework/src/Illuminate/Pipeline/Pipeline.php(167): Illuminate\\Foundation\\Http\\Middleware\\CheckForMaintenanceMode->handle()
#23 /home/Dr4g0na/Desktop/project/laravel_inventory2/vendor/fideloper/proxy/src/TrustProxies.php(57): Illuminate\\Pipeline\\Pipeline->Illuminate\\Pipeline\\{closure}()
#24 /home/Dr4g0na/Desktop/project/laravel_inventory2/vendor/laravel/framework/src/Illuminate/Pipeline/Pipeline.php(167): Fideloper\\Proxy\\TrustProxies->handle()
#25 /home/Dr4g0na/Desktop/project/laravel_inventory2/vendor/laravel/framework/src/Illuminate/Pipeline/Pipeline.php(103): Illuminate\\Pipeline\\Pipeline->Illuminate\\Pipeline\\{closure}()
#26 /home/Dr4g0na/Desktop/project/laravel_inventory2/vendor/laravel/framework/src/Illuminate/Foundation/Http/Kernel.php(140): Illuminate\\Pipeline\\Pipeline->then()
#27 /home/Dr4g0na/Desktop/project/laravel_inventory2/vendor/laravel/framework/src/Illuminate/Foundation/Http/Kernel.php(109): Illuminate\\Foundation\\Http\\Kernel->sendRequestThroughRouter()
#28 /home/Dr4g0na/Desktop/project/laravel_inventory2/public/index.php(55): Illuminate\\Foundation\\Http\\Kernel->handle()
#29 /home/Dr4g0na/Desktop/project/laravel_inventory2/server.php(21): require_once('...')
#30 {main}
"} 
